2025-11-06 20:00:27,790 - Log file for this run: C:\Users\Siote\Documents\COE187\ai8x-training\logs\2025.11.06-200027\2025.11.06-200027.log
2025-11-06 20:00:28,589 - Optimizer Type: <class 'torch.optim.adam.Adam'>
2025-11-06 20:00:28,590 - Optimizer Args: {'lr': 0.001, 'betas': (0.9, 0.999), 'eps': 1e-08, 'weight_decay': 0.0, 'amsgrad': False, 'maximize': False, 'foreach': None, 'capturable': False, 'differentiable': False, 'fused': None, 'decoupled_weight_decay': False}
2025-11-06 20:00:28,723 - Dataset sizes:
	training=12960
	validation=1440
	test=1179
2025-11-06 20:00:28,723 - Reading compression schedule from: policies/schedule-flowers.yaml
2025-11-06 20:00:28,730 - 

2025-11-06 20:00:28,730 - Training epoch: 12960 samples (256 per mini-batch)
2025-11-06 20:01:07,149 - Epoch: [0][   51/   51]    Overall Loss 1.175746    Objective Loss 1.175746    Top1 68.990385    Top5 98.076923    LR 0.001000    Time 0.753244    
2025-11-06 20:01:08,886 - --- validate (epoch=0)-----------
2025-11-06 20:01:08,887 - 1440 samples (256 per mini-batch)
2025-11-06 20:01:43,816 - Epoch: [0][    6/    6]    Loss 0.843566    Top1 70.277778    Top5 99.166667    
2025-11-06 20:01:46,129 - ==> Top1: 70.278    Top5: 99.167    Loss: 0.844

2025-11-06 20:01:46,130 - ==> Confusion:
[[ 99  94  13  12   9  13]
 [ 11 173  13   3  19   2]
 [  6   8 199  11   4   5]
 [  4  13  15 156   4  60]
 [  3   5   3   5 209  16]
 [  2   4  14  48   9 176]]

2025-11-06 20:01:46,353 - ==> Best [Top1: 70.278   Top5: 99.167   Sparsity:0.00   Params: 61872 on epoch: 0]
2025-11-06 20:01:46,353 - Saving checkpoint to: logs\2025.11.06-200027\checkpoint.pth.tar
2025-11-06 20:01:46,409 - 

2025-11-06 20:01:46,410 - Training epoch: 12960 samples (256 per mini-batch)
2025-11-06 20:02:22,628 - Epoch: [1][   51/   51]    Overall Loss 0.736159    Objective Loss 0.736159    Top1 76.201923    Top5 98.798077    LR 0.001000    Time 0.710142    
2025-11-06 20:02:24,620 - --- validate (epoch=1)-----------
2025-11-06 20:02:24,620 - 1440 samples (256 per mini-batch)
2025-11-06 20:02:55,127 - Epoch: [1][    6/    6]    Loss 0.617408    Top1 78.888889    Top5 99.513889    
2025-11-06 20:02:57,114 - ==> Top1: 78.889    Top5: 99.514    Loss: 0.617

2025-11-06 20:02:57,115 - ==> Confusion:
[[169  33   7  10  10  11]
 [ 24 184   5   0   6   2]
 [  9   8 200   8   1   7]
 [  8  13   4 165   3  59]
 [  2   6   0   2 221  10]
 [  3   7   8  33   5 197]]

2025-11-06 20:02:57,392 - ==> Best [Top1: 78.889   Top5: 99.514   Sparsity:0.00   Params: 61872 on epoch: 1]
2025-11-06 20:02:57,392 - Saving checkpoint to: logs\2025.11.06-200027\checkpoint.pth.tar
2025-11-06 20:02:57,418 - 

2025-11-06 20:02:57,418 - Training epoch: 12960 samples (256 per mini-batch)
2025-11-06 20:03:31,820 - Epoch: [2][   51/   51]    Overall Loss 0.603866    Objective Loss 0.603866    Top1 79.086538    Top5 99.519231    LR 0.001000    Time 0.674543    
2025-11-06 20:03:33,269 - --- validate (epoch=2)-----------
2025-11-06 20:03:33,269 - 1440 samples (256 per mini-batch)
2025-11-06 20:04:04,705 - Epoch: [2][    6/    6]    Loss 0.641879    Top1 77.638889    Top5 99.513889    
2025-11-06 20:04:06,646 - ==> Top1: 77.639    Top5: 99.514    Loss: 0.642

2025-11-06 20:04:06,647 - ==> Confusion:
[[126  86   7  11   3   7]
 [  3 215   1   0   2   0]
 [  4  16 202   7   1   3]
 [  1  20   7 199   0  25]
 [  4  36   1   5 187   8]
 [  1  11   9  41   2 189]]

2025-11-06 20:04:06,815 - ==> Best [Top1: 78.889   Top5: 99.514   Sparsity:0.00   Params: 61872 on epoch: 1]
2025-11-06 20:04:06,815 - Saving checkpoint to: logs\2025.11.06-200027\checkpoint.pth.tar
2025-11-06 20:04:06,833 - 

2025-11-06 20:04:06,833 - Training epoch: 12960 samples (256 per mini-batch)
2025-11-06 20:04:43,681 - Epoch: [3][   51/   51]    Overall Loss 0.520459    Objective Loss 0.520459    Top1 82.932692    Top5 99.759615    LR 0.001000    Time 0.722477    
2025-11-06 20:04:45,099 - --- validate (epoch=3)-----------
2025-11-06 20:04:45,099 - 1440 samples (256 per mini-batch)
2025-11-06 20:05:14,680 - Epoch: [3][    6/    6]    Loss 0.470085    Top1 83.750000    Top5 99.861111    
2025-11-06 20:05:16,420 - ==> Top1: 83.750    Top5: 99.861    Loss: 0.470

2025-11-06 20:05:16,421 - ==> Confusion:
[[194  18   5   6   8   9]
 [ 16 199   4   0   2   0]
 [ 11   7 206   4   1   4]
 [  9  12  10 182   3  36]
 [  3   8   0   3 225   2]
 [  5   8   9  25   6 200]]

2025-11-06 20:05:16,562 - ==> Best [Top1: 83.750   Top5: 99.861   Sparsity:0.00   Params: 61872 on epoch: 3]
2025-11-06 20:05:16,562 - Saving checkpoint to: logs\2025.11.06-200027\checkpoint.pth.tar
2025-11-06 20:05:16,590 - 

2025-11-06 20:05:16,590 - Training epoch: 12960 samples (256 per mini-batch)
2025-11-06 20:05:52,137 - Epoch: [4][   51/   51]    Overall Loss 0.457056    Objective Loss 0.457056    Top1 85.576923    Top5 100.000000    LR 0.001000    Time 0.696976    
2025-11-06 20:05:53,595 - --- validate (epoch=4)-----------
2025-11-06 20:05:53,595 - 1440 samples (256 per mini-batch)
2025-11-06 20:06:23,644 - Epoch: [4][    6/    6]    Loss 0.442524    Top1 84.722222    Top5 99.861111    
2025-11-06 20:06:25,356 - ==> Top1: 84.722    Top5: 99.861    Loss: 0.443

2025-11-06 20:06:25,356 - ==> Confusion:
[[188  19   2   6  13  12]
 [ 10 196   3   3   9   0]
 [  8   3 199   8   5  10]
 [  5   9   1 185   6  46]
 [  0   1   0   1 236   3]
 [  1   4   3  21   8 216]]

2025-11-06 20:06:25,487 - ==> Best [Top1: 84.722   Top5: 99.861   Sparsity:0.00   Params: 61872 on epoch: 4]
2025-11-06 20:06:25,487 - Saving checkpoint to: logs\2025.11.06-200027\checkpoint.pth.tar
2025-11-06 20:06:25,512 - 

2025-11-06 20:06:25,512 - Training epoch: 12960 samples (256 per mini-batch)
2025-11-06 20:06:59,211 - Epoch: [5][   51/   51]    Overall Loss 0.407870    Objective Loss 0.407870    Top1 87.259615    Top5 100.000000    LR 0.001000    Time 0.660697    
2025-11-06 20:07:00,575 - --- validate (epoch=5)-----------
2025-11-06 20:07:00,576 - 1440 samples (256 per mini-batch)
2025-11-06 20:07:29,430 - Epoch: [5][    6/    6]    Loss 0.410306    Top1 85.138889    Top5 99.722222    
2025-11-06 20:07:31,075 - ==> Top1: 85.139    Top5: 99.722    Loss: 0.410

2025-11-06 20:07:31,075 - ==> Confusion:
[[193  19   9   6   5   8]
 [ 12 201   6   0   0   2]
 [  6   1 219   4   1   2]
 [  6  12  10 173   1  50]
 [  3   3   1   1 222  11]
 [  3   6  10  14   2 218]]

2025-11-06 20:07:31,227 - ==> Best [Top1: 85.139   Top5: 99.722   Sparsity:0.00   Params: 61872 on epoch: 5]
2025-11-06 20:07:31,227 - Saving checkpoint to: logs\2025.11.06-200027\checkpoint.pth.tar
2025-11-06 20:07:31,289 - 

2025-11-06 20:07:31,289 - Training epoch: 12960 samples (256 per mini-batch)
2025-11-06 20:08:04,815 - Epoch: [6][   51/   51]    Overall Loss 0.371126    Objective Loss 0.371126    Top1 85.817308    Top5 99.759615    LR 0.001000    Time 0.657357    
2025-11-06 20:08:06,213 - --- validate (epoch=6)-----------
2025-11-06 20:08:06,213 - 1440 samples (256 per mini-batch)
2025-11-06 20:08:35,414 - Epoch: [6][    6/    6]    Loss 0.352034    Top1 88.194444    Top5 99.722222    
2025-11-06 20:08:37,101 - ==> Top1: 88.194    Top5: 99.722    Loss: 0.352

2025-11-06 20:08:37,101 - ==> Confusion:
[[211   7   3   7   4   8]
 [ 13 202   2   1   3   0]
 [  9   1 211  10   1   1]
 [  5  10   4 204   2  27]
 [  4   0   0   2 235   0]
 [  2   4   8  27   5 207]]

2025-11-06 20:08:37,232 - ==> Best [Top1: 88.194   Top5: 99.722   Sparsity:0.00   Params: 61872 on epoch: 6]
2025-11-06 20:08:37,232 - Saving checkpoint to: logs\2025.11.06-200027\checkpoint.pth.tar
2025-11-06 20:08:37,261 - 

2025-11-06 20:08:37,261 - Training epoch: 12960 samples (256 per mini-batch)
2025-11-06 20:09:10,268 - Epoch: [7][   51/   51]    Overall Loss 0.341046    Objective Loss 0.341046    Top1 88.942308    Top5 99.519231    LR 0.001000    Time 0.647162    
2025-11-06 20:09:11,694 - --- validate (epoch=7)-----------
2025-11-06 20:09:11,695 - 1440 samples (256 per mini-batch)
2025-11-06 20:09:40,195 - Epoch: [7][    6/    6]    Loss 0.413496    Top1 85.555556    Top5 100.000000    
2025-11-06 20:09:41,914 - ==> Top1: 85.556    Top5: 100.000    Loss: 0.413

2025-11-06 20:09:41,914 - ==> Confusion:
[[186  20  13   6   8   7]
 [  4 207   5   0   5   0]
 [  1   1 228   1   2   0]
 [  2  10  32 182   3  23]
 [  2   0   2   1 236   0]
 [  2   5  20  21  12 193]]

2025-11-06 20:09:42,040 - ==> Best [Top1: 88.194   Top5: 99.722   Sparsity:0.00   Params: 61872 on epoch: 6]
2025-11-06 20:09:42,040 - Saving checkpoint to: logs\2025.11.06-200027\checkpoint.pth.tar
2025-11-06 20:09:42,051 - 

2025-11-06 20:09:42,051 - Training epoch: 12960 samples (256 per mini-batch)
2025-11-06 20:10:15,339 - Epoch: [8][   51/   51]    Overall Loss 0.321527    Objective Loss 0.321527    Top1 90.144231    Top5 100.000000    LR 0.001000    Time 0.652638    
2025-11-06 20:10:16,841 - --- validate (epoch=8)-----------
2025-11-06 20:10:16,843 - 1440 samples (256 per mini-batch)
2025-11-06 20:10:45,585 - Epoch: [8][    6/    6]    Loss 0.339958    Top1 88.125000    Top5 99.861111    
2025-11-06 20:10:47,232 - ==> Top1: 88.125    Top5: 99.861    Loss: 0.340

2025-11-06 20:10:47,232 - ==> Confusion:
[[192  18   7  10   2  11]
 [  3 201   6   9   2   0]
 [  1   0 222   8   0   2]
 [  0   8   5 203   1  35]
 [  1   0   1   4 229   6]
 [  0   4   4  21   2 222]]

2025-11-06 20:10:47,358 - ==> Best [Top1: 88.194   Top5: 99.722   Sparsity:0.00   Params: 61872 on epoch: 6]
2025-11-06 20:10:47,358 - Saving checkpoint to: logs\2025.11.06-200027\checkpoint.pth.tar
2025-11-06 20:10:47,369 - 

2025-11-06 20:10:47,369 - Training epoch: 12960 samples (256 per mini-batch)
2025-11-06 20:11:22,001 - Epoch: [9][   51/   51]    Overall Loss 0.292155    Objective Loss 0.292155    Top1 90.625000    Top5 100.000000    LR 0.001000    Time 0.679077    
2025-11-06 20:11:23,363 - --- validate (epoch=9)-----------
2025-11-06 20:11:23,363 - 1440 samples (256 per mini-batch)
2025-11-06 20:11:51,779 - Epoch: [9][    6/    6]    Loss 0.317860    Top1 88.819444    Top5 99.930556    
2025-11-06 20:11:53,418 - ==> Top1: 88.819    Top5: 99.931    Loss: 0.318

2025-11-06 20:11:53,418 - ==> Confusion:
[[206  10   2   8   7   7]
 [ 10 194   2   4   9   2]
 [ 11   1 204  11   1   5]
 [  2   7   1 221   2  19]
 [  2   0   0   2 237   0]
 [  2   4   1  24   5 217]]

2025-11-06 20:11:53,540 - ==> Best [Top1: 88.819   Top5: 99.931   Sparsity:0.00   Params: 61872 on epoch: 9]
2025-11-06 20:11:53,540 - Saving checkpoint to: logs\2025.11.06-200027\checkpoint.pth.tar
2025-11-06 20:11:53,584 - 

2025-11-06 20:11:53,584 - Training epoch: 12960 samples (256 per mini-batch)
2025-11-06 20:12:26,919 - Epoch: [10][   51/   51]    Overall Loss 0.315390    Objective Loss 0.315390    Top1 90.144231    Top5 100.000000    LR 0.001000    Time 0.653562    
2025-11-06 20:12:28,318 - --- validate (epoch=10)-----------
2025-11-06 20:12:28,319 - 1440 samples (256 per mini-batch)
2025-11-06 20:12:57,043 - Epoch: [10][    6/    6]    Loss 0.335231    Top1 88.333333    Top5 99.930556    
2025-11-06 20:12:58,694 - ==> Top1: 88.333    Top5: 99.931    Loss: 0.335

2025-11-06 20:12:58,696 - ==> Confusion:
[[216   8   2   6   2   6]
 [ 13 201   2   4   0   1]
 [  9   0 215   8   0   1]
 [ 12   7   4 217   1  11]
 [  4   1   0   5 229   2]
 [ 12   4   8  33   2 194]]

2025-11-06 20:12:58,828 - ==> Best [Top1: 88.333   Top5: 99.931   Sparsity:0.00   Params: 61872 on epoch: 10]
2025-11-06 20:12:58,828 - Saving checkpoint to: logs\2025.11.06-200027\qat_checkpoint.pth.tar
2025-11-06 20:12:58,867 - 

2025-11-06 20:12:58,867 - Training epoch: 12960 samples (256 per mini-batch)
2025-11-06 20:13:31,301 - Epoch: [11][   51/   51]    Overall Loss 0.225876    Objective Loss 0.225876    Top1 90.384615    Top5 100.000000    LR 0.001000    Time 0.635935    
2025-11-06 20:13:32,692 - --- validate (epoch=11)-----------
2025-11-06 20:13:32,693 - 1440 samples (256 per mini-batch)
2025-11-06 20:14:01,820 - Epoch: [11][    6/    6]    Loss 0.280942    Top1 90.416667    Top5 99.861111    
2025-11-06 20:14:03,512 - ==> Top1: 90.417    Top5: 99.861    Loss: 0.281

2025-11-06 20:14:03,513 - ==> Confusion:
[[203  17   3   8   3   6]
 [  3 211   2   2   1   2]
 [  3   0 221   7   0   2]
 [  5   8   4 218   1  16]
 [  3   1   0   4 233   0]
 [  2   4   4  25   2 216]]

2025-11-06 20:14:03,639 - ==> Best [Top1: 90.417   Top5: 99.861   Sparsity:0.00   Params: 61872 on epoch: 11]
2025-11-06 20:14:03,639 - Saving checkpoint to: logs\2025.11.06-200027\qat_checkpoint.pth.tar
2025-11-06 20:14:03,663 - 

2025-11-06 20:14:03,663 - Training epoch: 12960 samples (256 per mini-batch)
2025-11-06 20:14:36,864 - Epoch: [12][   51/   51]    Overall Loss 0.194895    Objective Loss 0.194895    Top1 93.509615    Top5 100.000000    LR 0.001000    Time 0.650933    
2025-11-06 20:14:38,212 - --- validate (epoch=12)-----------
2025-11-06 20:14:38,212 - 1440 samples (256 per mini-batch)
2025-11-06 20:15:07,190 - Epoch: [12][    6/    6]    Loss 0.281962    Top1 90.694444    Top5 99.861111    
2025-11-06 20:15:08,808 - ==> Top1: 90.694    Top5: 99.861    Loss: 0.282

2025-11-06 20:15:08,809 - ==> Confusion:
[[212   9   5   5   3   6]
 [  7 208   2   1   1   2]
 [  2   0 224   6   0   1]
 [  6   8   5 210   1  22]
 [  3   1   1   4 230   2]
 [  4   3   5  17   2 222]]

2025-11-06 20:15:08,933 - ==> Best [Top1: 90.694   Top5: 99.861   Sparsity:0.00   Params: 61872 on epoch: 12]
2025-11-06 20:15:08,933 - Saving checkpoint to: logs\2025.11.06-200027\qat_checkpoint.pth.tar
2025-11-06 20:15:08,957 - 

2025-11-06 20:15:08,958 - Training epoch: 12960 samples (256 per mini-batch)
2025-11-06 20:15:42,535 - Epoch: [13][   51/   51]    Overall Loss 0.182772    Objective Loss 0.182772    Top1 93.269231    Top5 100.000000    LR 0.001000    Time 0.658353    
2025-11-06 20:15:43,957 - --- validate (epoch=13)-----------
2025-11-06 20:15:43,957 - 1440 samples (256 per mini-batch)
2025-11-06 20:16:13,182 - Epoch: [13][    6/    6]    Loss 0.273809    Top1 90.555556    Top5 100.000000    
2025-11-06 20:16:14,995 - ==> Top1: 90.556    Top5: 100.000    Loss: 0.274

2025-11-06 20:16:14,995 - ==> Confusion:
[[195  16   5   9   7   8]
 [  1 213   2   1   2   2]
 [  2   0 223   4   0   4]
 [  1   8   3 214   1  25]
 [  1   1   0   2 236   1]
 [  1   4   4  18   3 223]]

2025-11-06 20:16:15,126 - ==> Best [Top1: 90.694   Top5: 99.861   Sparsity:0.00   Params: 61872 on epoch: 12]
2025-11-06 20:16:15,126 - Saving checkpoint to: logs\2025.11.06-200027\qat_checkpoint.pth.tar
2025-11-06 20:16:15,138 - 

2025-11-06 20:16:15,138 - Training epoch: 12960 samples (256 per mini-batch)
2025-11-06 20:16:49,337 - Epoch: [14][   51/   51]    Overall Loss 0.173945    Objective Loss 0.173945    Top1 93.269231    Top5 100.000000    LR 0.001000    Time 0.670537    
2025-11-06 20:16:50,730 - --- validate (epoch=14)-----------
2025-11-06 20:16:50,731 - 1440 samples (256 per mini-batch)
2025-11-06 20:17:20,557 - Epoch: [14][    6/    6]    Loss 0.257987    Top1 91.527778    Top5 99.861111    
2025-11-06 20:17:22,264 - ==> Top1: 91.528    Top5: 99.861    Loss: 0.258

2025-11-06 20:17:22,264 - ==> Confusion:
[[217   9   1   5   3   5]
 [  4 211   2   1   1   2]
 [  8   0 218   6   0   1]
 [  7   6   3 212   1  23]
 [  3   0   0   3 233   2]
 [  2   2   3  17   2 227]]

2025-11-06 20:17:22,391 - ==> Best [Top1: 91.528   Top5: 99.861   Sparsity:0.00   Params: 61872 on epoch: 14]
2025-11-06 20:17:22,391 - Saving checkpoint to: logs\2025.11.06-200027\qat_checkpoint.pth.tar
2025-11-06 20:17:22,416 - 

2025-11-06 20:17:22,416 - Training epoch: 12960 samples (256 per mini-batch)
2025-11-06 20:17:56,829 - Epoch: [15][   51/   51]    Overall Loss 0.163963    Objective Loss 0.163963    Top1 94.230769    Top5 100.000000    LR 0.001000    Time 0.674739    
2025-11-06 20:17:58,239 - --- validate (epoch=15)-----------
2025-11-06 20:17:58,240 - 1440 samples (256 per mini-batch)
2025-11-06 20:18:27,555 - Epoch: [15][    6/    6]    Loss 0.259829    Top1 91.250000    Top5 100.000000    
2025-11-06 20:18:29,248 - ==> Top1: 91.250    Top5: 100.000    Loss: 0.260

2025-11-06 20:18:29,249 - ==> Confusion:
[[207   8   6   8   4   7]
 [  4 208   3   2   2   2]
 [  0   0 228   5   0   0]
 [  3   3   6 223   1  16]
 [  3   0   2   2 233   1]
 [  1   2   8  25   2 215]]

2025-11-06 20:18:29,376 - ==> Best [Top1: 91.528   Top5: 99.861   Sparsity:0.00   Params: 61872 on epoch: 14]
2025-11-06 20:18:29,376 - Saving checkpoint to: logs\2025.11.06-200027\qat_checkpoint.pth.tar
2025-11-06 20:18:29,387 - 

2025-11-06 20:18:29,387 - Training epoch: 12960 samples (256 per mini-batch)
2025-11-06 20:19:02,791 - Epoch: [16][   51/   51]    Overall Loss 0.151990    Objective Loss 0.151990    Top1 94.711538    Top5 100.000000    LR 0.001000    Time 0.654939    
2025-11-06 20:19:04,147 - --- validate (epoch=16)-----------
2025-11-06 20:19:04,147 - 1440 samples (256 per mini-batch)
2025-11-06 20:19:33,307 - Epoch: [16][    6/    6]    Loss 0.264054    Top1 90.555556    Top5 100.000000    
2025-11-06 20:19:35,020 - ==> Top1: 90.556    Top5: 100.000    Loss: 0.264

2025-11-06 20:19:35,021 - ==> Confusion:
[[219   7   3   5   2   4]
 [  7 206   2   2   2   2]
 [  2   0 226   5   0   0]
 [  8   7   4 223   1   9]
 [  3   1   2   1 234   0]
 [  4   4   6  40   3 196]]

2025-11-06 20:19:35,157 - ==> Best [Top1: 91.528   Top5: 99.861   Sparsity:0.00   Params: 61872 on epoch: 14]
2025-11-06 20:19:35,157 - Saving checkpoint to: logs\2025.11.06-200027\qat_checkpoint.pth.tar
2025-11-06 20:19:35,169 - 

2025-11-06 20:19:35,169 - Training epoch: 12960 samples (256 per mini-batch)
2025-11-06 20:20:07,974 - Epoch: [17][   51/   51]    Overall Loss 0.151351    Objective Loss 0.151351    Top1 95.432692    Top5 100.000000    LR 0.001000    Time 0.643198    
2025-11-06 20:20:09,347 - --- validate (epoch=17)-----------
2025-11-06 20:20:09,347 - 1440 samples (256 per mini-batch)
2025-11-06 20:20:38,086 - Epoch: [17][    6/    6]    Loss 0.237518    Top1 91.458333    Top5 100.000000    
2025-11-06 20:20:39,756 - ==> Top1: 91.458    Top5: 100.000    Loss: 0.238

2025-11-06 20:20:39,757 - ==> Confusion:
[[220   6   2   4   2   6]
 [  7 206   3   1   2   2]
 [  1   0 225   6   0   1]
 [ 11   4   7 210   1  19]
 [  2   1   1   1 235   1]
 [  4   3   5  16   4 221]]

2025-11-06 20:20:39,887 - ==> Best [Top1: 91.528   Top5: 99.861   Sparsity:0.00   Params: 61872 on epoch: 14]
2025-11-06 20:20:39,887 - Saving checkpoint to: logs\2025.11.06-200027\qat_checkpoint.pth.tar
2025-11-06 20:20:39,900 - 

2025-11-06 20:20:39,901 - Training epoch: 12960 samples (256 per mini-batch)
2025-11-06 20:21:13,689 - Epoch: [18][   51/   51]    Overall Loss 0.137128    Objective Loss 0.137128    Top1 94.471154    Top5 100.000000    LR 0.001000    Time 0.662500    
2025-11-06 20:21:15,149 - --- validate (epoch=18)-----------
2025-11-06 20:21:15,149 - 1440 samples (256 per mini-batch)
2025-11-06 20:21:44,070 - Epoch: [18][    6/    6]    Loss 0.250780    Top1 90.833333    Top5 99.930556    
2025-11-06 20:21:45,757 - ==> Top1: 90.833    Top5: 99.931    Loss: 0.251

2025-11-06 20:21:45,757 - ==> Confusion:
[[226   5   1   2   2   4]
 [ 13 202   2   1   0   3]
 [  6   0 219   8   0   0]
 [ 14   3   4 218   1  12]
 [  5   0   2   2 228   4]
 [  5   2   5  24   2 215]]

2025-11-06 20:21:45,886 - ==> Best [Top1: 91.528   Top5: 99.861   Sparsity:0.00   Params: 61872 on epoch: 14]
2025-11-06 20:21:45,886 - Saving checkpoint to: logs\2025.11.06-200027\qat_checkpoint.pth.tar
2025-11-06 20:21:45,897 - 

2025-11-06 20:21:45,897 - Training epoch: 12960 samples (256 per mini-batch)
2025-11-06 20:22:18,927 - Epoch: [19][   51/   51]    Overall Loss 0.131431    Objective Loss 0.131431    Top1 96.153846    Top5 100.000000    LR 0.001000    Time 0.647623    
2025-11-06 20:22:20,307 - --- validate (epoch=19)-----------
2025-11-06 20:22:20,307 - 1440 samples (256 per mini-batch)
2025-11-06 20:22:49,254 - Epoch: [19][    6/    6]    Loss 0.240903    Top1 91.666667    Top5 99.930556    
2025-11-06 20:22:50,919 - ==> Top1: 91.667    Top5: 99.931    Loss: 0.241

2025-11-06 20:22:50,919 - ==> Confusion:
[[214   8   3   7   2   6]
 [  6 210   2   1   0   2]
 [  1   0 225   5   0   2]
 [  4   5   8 213   1  21]
 [  4   2   2   2 231   0]
 [  1   3   3  17   2 227]]

2025-11-06 20:22:51,052 - ==> Best [Top1: 91.667   Top5: 99.931   Sparsity:0.00   Params: 61872 on epoch: 19]
2025-11-06 20:22:51,052 - Saving checkpoint to: logs\2025.11.06-200027\qat_checkpoint.pth.tar
2025-11-06 20:22:51,077 - --- test ---------------------
2025-11-06 20:22:51,077 - 1179 samples (256 per mini-batch)
2025-11-06 20:23:21,998 - Test: [    5/    5]    Loss 0.478848    Top1 84.223919    Top5 99.830365    
2025-11-06 20:23:23,287 - ==> Top1: 84.224    Top5: 99.830    Loss: 0.479

2025-11-06 20:23:23,287 - ==> Confusion:
[[146  10   4  15   2   3]
 [ 18 170   5   2   3   2]
 [  5   2 184   1   0   8]
 [  2   1   5 168   0  23]
 [  9   9   2   5 163  12]
 [  4   1   5  25   3 162]]

2025-11-06 20:23:23,290 - 
2025-11-06 20:23:23,291 - Log file for this run: C:\Users\Siote\Documents\COE187\ai8x-training\logs\2025.11.06-200027\2025.11.06-200027.log
